C51 COMPILER V9.01   EXP2                                                                  03/21/2017 19:42:14 PAGE 1   


C51 COMPILER V9.01, COMPILATION OF MODULE EXP2
OBJECT MODULE PLACED IN exp2.OBJ
COMPILER INVOKED BY: C:\Keil\C51\BIN\C51.EXE exp2.c BROWSE DEBUG OBJECTEXTEND

line level    source

   1          #include <C8051F020.h>
   2          
   3          void PORT_Init (void){
   4   1              P74OUT = 0x80;
   5   1      }
   6          
   7          void Delay(){
   8   1              int i, j;
   9   1              for (i = 0; i < 500; ++i)
  10   1                      for (j = 0; j < 100; ++j);
  11   1      }
  12          
  13          void SYSCLK_Init(){
  14   1              int i;
  15   1              OSCXCN = 0x67;
  16   1              for(i=0;i<256;i++);
  17   1              while(!(OSCXCN&0x80));
  18   1              OSCICN = 0x88;
  19   1      }
  20          
  21          void main(){
  22   1              WDTCN = 0xDE;
  23   1              WDTCN = 0xAD;
  24   1              SYSCLK_Init();
  25   1              PORT_Init();
  26   1              EA = 1;
  27   1              TMOD |= 0x02;
  28   1              TH0 = 0x00;
  29   1              TL0 = 0x00;
  30   1              TR0 = 1;
  31   1              ET0 = 1;
  32   1              P7 = 0x80;
  33   1              while(1);
  34   1      }
  35          
  36          //counter 0 interrupt
  37          void TIMER0_ISR (void) interrupt 1{
  38   1              static int count;                       //control dutycycle's change freq.
  39   1              static int count2;                      //control LED's freq.
  40   1              static int glow;                //control dutycycle to change brightness
  41   1              static bit direction;   //a bit controls direction of glow, 0 for +, 1 for -
  42   1              count++;
  43   1              count2++;
  44   1      
  45   1              if(count2 <= glow){
  46   2                      P7 = 0x80;                                      //LED glows
  47   2              }
  48   1              else if(count2 > 48){   //150Hz is counted as 48
  49   2                      count2 = 0;
  50   2              }
  51   1              else{
  52   2                      P7 = 0x00;                                      //LED extinguishes
  53   2              }
  54   1      
  55   1              //count decides changing freq. of dutycycle 3600~0.5s
C51 COMPILER V9.01   EXP2                                                                  03/21/2017 19:42:14 PAGE 2   

  56   1              //every 0.5s change dutycycle once
  57   1              if (count > 720){
  58   2                      count = 0;
  59   2                      //initial value between 1~24
  60   2                      if(glow>24 || glow<1)
  61   2                              glow = 1;
  62   2      
  63   2                      //dutycycle increase
  64   2                      if(direction == 0){
  65   3                              glow++;
  66   3                              //glow=24 == dutycycle=50%, then decrease to 0
  67   3                              if(glow > 24){
  68   4                                      direction =~ direction;
  69   4                                      glow--;
  70   4                              }
  71   3                      }
  72   2                      //dutycycle decrease
  73   2                      else{
  74   3                              glow--;
  75   3                              if(glow < 1){
  76   4                                      direction =~ direction;
  77   4                                      glow++;
  78   4                              }
  79   3                      }
  80   2              }
  81   1      }


MODULE INFORMATION:   STATIC OVERLAYABLE
   CODE SIZE        =    284    ----
   CONSTANT SIZE    =   ----    ----
   XDATA SIZE       =   ----    ----
   PDATA SIZE       =   ----    ----
   DATA SIZE        =      6    ----
   IDATA SIZE       =   ----    ----
   BIT SIZE         =      1    ----
END OF MODULE INFORMATION.


C51 COMPILATION COMPLETE.  0 WARNING(S),  0 ERROR(S)
