C51 COMPILER V9.01   CALCULATOR                                                            04/11/2017 20:25:40 PAGE 1   


C51 COMPILER V9.01, COMPILATION OF MODULE CALCULATOR
OBJECT MODULE PLACED IN Calculator.OBJ
COMPILER INVOKED BY: C:\Keil\C51\BIN\C51.EXE Calculator.c BROWSE DEBUG OBJECTEXTEND

line level    source

   1          #include <c8051f020.h>
   2          #include <stdio.h>
   3          #define SYSCLK 22118400
   4          #define BAUDRATE 1200
   5          
   6          void PORT_Init()
   7          {
   8   1              XBR0 = 0x04; // UART0 使能
   9   1              XBR2 = 0x40; // 使能交叉开关
  10   1              P0MDOUT |= 0x01; // TX0 设置为推挽输出
  11   1      }
  12          void UART0_Init (void)
  13          {
  14   1              SCON0 = 0x50; // SCON0: 串口方式1 使能RX
  15   1              TMOD = 0x20; // 定时器 1 采用自装载模式
  16   1              TH1 = -(SYSCLK/BAUDRATE/16/12); // Timer1 载入值
  17   1              TR1 = 1; // 启动 Timer1
  18   1              PCON |= 0x80; // SMOD0 = 1
  19   1      }
  20          void SYSCLK_Init (void)
  21          {
  22   1              int i;
  23   1              OSCXCN = 0x67; // 启动外部晶振
  24   1              for (i=0; i < 256; i++); // 延时一段时间
  25   1              while (!(OSCXCN & 0x80)); // 等待振荡稳定
  26   1              OSCICN = 0x88; // 使用外部振荡器
  27   1      }
  28          int main(void)
  29          {
  30   1              int a,b;
  31   1              char op;
  32   1              int ans;
  33   1              WDTCN=0XDE; // 禁止看门狗
  34   1              WDTCN=0XAD;
  35   1              SYSCLK_Init(); // 系统时钟初始化
  36   1              PORT_Init(); // 端口初始化
  37   1              UART0_Init(); // 串口初始化
  38   1              TI0 = 1; // 准备好发送数据
  39   1              while(1)
  40   1              {
  41   2                      printf("Enter a equation:\r\n");
  42   2                      scanf("%d %c %d",&a,&op,&b);
  43   2                      switch (op){
  44   3                              case '+': {
  45   4                                      ans=a+b;
  46   4                                      printf("Answer is %d\n", ans);
  47   4                                      break;
  48   4                              }
  49   3                              case '-': {
  50   4                                      ans=a-b;
  51   4                                      printf("Answer is %d\n", ans);
  52   4                                      break;
  53   4                              }
  54   3                              case '*': {
  55   4                                      ans=a*b;
C51 COMPILER V9.01   CALCULATOR                                                            04/11/2017 20:25:40 PAGE 2   

  56   4                                      printf("Answer is %d\n", ans);
  57   4                                      break;
  58   4                              }
  59   3                              case '/': {
  60   4                                      ans=a/b;
  61   4                                      printf("Answer is %d\n", ans);
  62   4                                      break;
  63   4                              }
  64   3                              default:
  65   3                              {
  66   4                                      printf("peration is unrecognized.\n");
  67   4                              }
  68   3                      }
  69   2              }
  70   1      }


MODULE INFORMATION:   STATIC OVERLAYABLE
   CODE SIZE        =    239    ----
   CONSTANT SIZE    =     70    ----
   XDATA SIZE       =   ----    ----
   PDATA SIZE       =   ----    ----
   DATA SIZE        =   ----       7
   IDATA SIZE       =   ----    ----
   BIT SIZE         =   ----    ----
END OF MODULE INFORMATION.


C51 COMPILATION COMPLETE.  0 WARNING(S),  0 ERROR(S)
